c:\users\nigar\desktop\ba_implementierung\cozmo_cpp\cozmo_cpp\release\vc141.pdb
c:\users\nigar\desktop\ba_implementierung\cozmo_cpp\cozmo_cpp\release\testing_module.obj
c:\users\nigar\desktop\ba_implementierung\cozmo_cpp\cozmo_cpp\release\cozmo_cpp.obj
c:\users\nigar\desktop\ba_implementierung\cozmo_cpp\cozmo_cpp\release\charger_cpp.obj
c:\users\nigar\desktop\ba_implementierung\cozmo_cpp\cozmo_cpp\release\build_module.obj
c:\users\nigar\desktop\ba_implementierung\cozmo_cpp\cozmo_cpp\release\object_cpp.obj
c:\users\nigar\desktop\ba_implementierung\cozmo_cpp\release\cozmo_cpp.lib
c:\users\nigar\desktop\ba_implementierung\cozmo_cpp\release\cozmo_cpp.exp
c:\users\nigar\desktop\ba_implementierung\cozmo_cpp\release\cozmo_cpp.ipdb
c:\users\nigar\desktop\ba_implementierung\cozmo_cpp\release\cozmo_cpp.iobj
c:\users\nigar\desktop\ba_implementierung\cozmo_cpp\cozmo_cpp\release\vcpkg.applocal.log
c:\users\nigar\desktop\ba_implementierung\cozmo_cpp\release\boost_python3-vc141-mt-x32-1_66.dll
c:\users\nigar\desktop\ba_implementierung\cozmo_cpp\release\python36.dll
c:\users\nigar\desktop\ba_implementierung\cozmo_cpp\release\cozmo_cpp.pyd
c:\users\nigar\desktop\ba_implementierung\cozmo_cpp\release\cozmo_cpp.pdb
c:\users\nigar\desktop\ba_implementierung\cozmo_cpp\cozmo_cpp\release\cozmo_cpp.tlog\cl.command.1.tlog
c:\users\nigar\desktop\ba_implementierung\cozmo_cpp\cozmo_cpp\release\cozmo_cpp.tlog\cl.read.1.tlog
c:\users\nigar\desktop\ba_implementierung\cozmo_cpp\cozmo_cpp\release\cozmo_cpp.tlog\cl.write.1.tlog
c:\users\nigar\desktop\ba_implementierung\cozmo_cpp\cozmo_cpp\release\cozmo_cpp.tlog\cozmo_cpp.write.1u.tlog
c:\users\nigar\desktop\ba_implementierung\cozmo_cpp\cozmo_cpp\release\cozmo_cpp.tlog\link.command.1.tlog
c:\users\nigar\desktop\ba_implementierung\cozmo_cpp\cozmo_cpp\release\cozmo_cpp.tlog\link.read.1.tlog
c:\users\nigar\desktop\ba_implementierung\cozmo_cpp\cozmo_cpp\release\cozmo_cpp.tlog\link.write.1.tlog
